2023/1/14 09:21:58, g, 5 of boats, 6 of busses, g
2023/1/14 09:22:16, a, 10 of balloons, 5 of cars, g
2023/1/14 09:30:18, g, e of purple, d of purple, g
2023/1/14 09:30:58, a, d of green, f of purple, a
2023/1/14 09:31:04, g, c of purple, i of purple, a
2023/1/14 09:31:13, g, c of yellow, a of yellow, g
2023/1/14 09:32:04, a, j of red, j of green, g
2023/1/14 09:32:18, a, d of blue, d of orange, g
2023/1/14 09:32:30, a, e of orange, a of green, g
2023/1/14 09:32:33, a, h of blue, a of orange, g
2023/1/14 09:32:36, a, h of purple, a of blue, g
2023/1/14 09:32:36, a, g
2023/1/14 09:45:46, a, 8 of busses, 6 of busses, g
2023/1/14 09:46:10, a, 3 of busses, 5 of balloons, g
2023/1/14 09:46:25, a, 2 of trucks, 7 of cars, a
2023/1/14 09:46:33, g, 6 of planes, 5 of planes, g
2023/1/14 09:46:40, a, 7 of boats, 6 of balloons, g
2023/1/14 09:46:46, a, 3 of boats, 4 of trucks, g
2023/1/14 09:53:39, Anonymous, 2 of birds, 7 of dogs, a
2023/1/14 09:53:45, Anonymous, 7 of gerbils, 4 of dogs, a
2023/1/14 09:55:11, g, 2 of html, 2 of javascript, a
2023/1/14 09:55:20, g, 18 of javascript, 4 of javascript, a
2023/1/14 09:55:28, g, 16 of CSS, 3 of CSS, a
2023/1/14 10:04:17, g, h of purple, j of orange, a
2023/1/14 10:04:45, g, i of red, j of yellow, a
2023/1/14 10:04:53, g, f of red, b of orange, a
2023/1/14 10:13:04, g, 6 of birds, 2 of birds, a
2023/1/14 10:13:11, g, 4 of dogs, 10 of dogs, g
2023/1/14 10:14:41, g, 2 of dogs, 14 of dogs, g
2023/1/14 10:15:04, a, 8 of birds, 12 of birds, g
2023/1/14 10:15:13, a, 2 of gerbils, 2 of cats, g
2023/1/14 10:17:17, a, f of green, h of green, a
2023/1/14 10:19:10, a, 2 of busses, 4 of busses, a
