2023/1/27 14:36:46, b, 3
2023/1/27 14:36:47, a, 3
2023/1/27 14:37:25, a, 4 of balloons, 3 of planes, b
2023/1/27 14:37:36, a, 6 of cars, 2 of cars, a
2023/1/27 14:41:21, Anonymous, f of green, e of yellow, Anonymous
2023/1/27 14:41:37, Anonymous, a of blue, b of green, Anonymous
2023/1/27 14:41:45, Anonymous, j of red, c of red, Anonymous
2023/1/27 14:41:52, Anonymous, g of red, c of orange, Anonymous
2023/1/27 14:46:02, Anonymous, 17 of CSS, 18 of html, Anonymous
2023/1/27 14:47:03, Anonymous, c of red, a of blue, Anonymous
2023/1/27 14:47:50, Anonymous, 5 of cars, 6 of planes, Anonymous
2023/1/27 14:47:50, Anonymous, Anonymous
2023/1/27 14:48:04, Anonymous, 18 of html, 15 of javascript, Anonymous
2023/1/27 14:49:13, Anonymous, 14 of dogs, 2 of birds, Anonymous
2023/1/27 14:49:20, Anonymous, 6 of dogs, 14 of birds, Anonymous
2023/1/27 14:53:23, Anonymous, f of green, j of blue, Anonymous
2023/1/27 14:53:29, Anonymous, g of purple, a of orange, Anonymous
2023/1/27 14:53:38, Anonymous, f of yellow, g of blue, Anonymous
2023/1/27 14:53:43, Anonymous, d of blue, a of yellow, Anonymous
2023/1/27 14:53:46, Anonymous, c of blue, d of green, Anonymous
2023/1/27 14:53:48, Anonymous, h of red, j of green, Anonymous
2023/1/27 14:53:50, Anonymous, g of green, e of purple, Anonymous
2023/1/27 14:53:50, Anonymous, Anonymous
2023/1/27 14:58:19, Anonymous, 14 of dogs, 8 of dogs, Anonymous
2023/1/27 14:58:23, Anonymous, 9 of cats, 3 of birds, Anonymous
2023/1/27 14:58:26, Anonymous, 9 of birds, 13 of dogs, Anonymous
2023/1/27 14:58:34, Anonymous, 15 of gerbils, 14 of cats, Anonymous
2023/1/27 14:58:38, Anonymous, 6 of cats, 10 of gerbils, Anonymous
2023/1/27 14:58:40, Anonymous, 3 of dogs, 13 of cats, Anonymous
2023/1/27 14:58:43, Anonymous, 5 of gerbils, 8 of cats, Anonymous
2023/1/27 14:58:46, Anonymous, 11 of dogs, 5 of dogs, Anonymous
2023/1/27 15:00:09, Anonymous, 5 of balloons, 9 of trucks, Anonymous
2023/1/27 15:00:13, Anonymous, 4 of cars, 5 of busses, Anonymous
2023/1/27 15:00:14, Anonymous, 5 of boats, 2 of busses, Anonymous
2023/1/27 15:00:16, Anonymous, 6 of trucks, 10 of cars, Anonymous
2023/1/27 15:00:18, Anonymous, 6 of busses, 8 of balloons, Anonymous
2023/1/27 15:00:20, Anonymous, 3 of boats, 1 of boats, Anonymous
2023/1/27 15:00:22, Anonymous, 7 of cars, 5 of planes, Anonymous
2023/1/27 15:00:24, Anonymous, 3 of planes, 10 of busses, Anonymous
2023/1/27 15:00:27, Anonymous, 4 of planes, 2 of planes, Anonymous
2023/1/27 15:00:27, Anonymous, Anonymous
2023/1/27 15:07:41, Anonymous, 1 of javascript, 14 of javascript, Anonymous
2023/1/27 15:11:57, Anonymous, 4 of dogs, 6 of dogs, Anonymous
2023/1/27 15:12:28, Anonymous, 5 of cats, 11 of cats, Anonymous
2023/1/27 15:20:53, Anonymous, 6 of pearls, 10 of spades, Anonymous
2023/1/27 15:21:06, Anonymous, 3 of diamonds, 4 of pearls, Anonymous
2023/1/27 15:21:17, Anonymous, 1 of spades, 10 of clubs, Anonymous
2023/1/27 15:24:56, Anonymous, 7 of cats, 8 of cats, Anonymous
2023/1/27 15:25:08, Anonymous, 3 of gerbils, 14 of birds, Anonymous
2023/1/27 15:31:29, Anonymous, 7 of CSS, 2 of javascript, Anonymous
2023/1/27 15:31:46, Anonymous, 1 of javascript, 19 of javascript, Anonymous
2023/1/27 15:31:52, Anonymous, 13 of CSS, 12 of javascript, Anonymous
2023/1/27 15:31:59, Anonymous, 5 of html, 9 of javascript, Anonymous
2023/1/27 15:32:05, Anonymous, 2 of html, 5 of CSS, Anonymous
2023/1/27 15:32:08, Anonymous, 7 of html, 10 of javascript, Anonymous
2023/1/27 15:32:11, Anonymous, 6 of CSS, 15 of html, Anonymous
2023/1/27 15:32:15, Anonymous, 17 of CSS, 8 of html, Anonymous
2023/1/27 15:32:22, Anonymous, 8 of CSS, 3 of javascript, Anonymous
2023/1/27 15:32:22, Anonymous, Anonymous
2023/1/27 15:33:34, Anonymous, 5 of diamonds, 4 of diamonds, Anonymous
2023/1/27 15:33:37, Anonymous, 10 of pearls, 4 of clubs, Anonymous
2023/1/27 15:33:39, Anonymous, 3 of pearls, 4 of hearts, Anonymous
2023/1/27 15:33:42, Anonymous, 6 of pearls, 8 of diamonds, Anonymous
2023/1/27 15:33:44, Anonymous, 8 of hearts, 3 of diamonds, Anonymous
2023/1/27 15:33:47, Anonymous, 3 of clubs, 7 of pearls, Anonymous
2023/1/27 15:33:50, Anonymous, 6 of spades, 7 of clubs, Anonymous
2023/1/27 15:33:52, Anonymous, 9 of spades, 1 of diamonds, Anonymous
2023/1/27 15:33:55, Anonymous, 11 of hearts, 5 of clubs, Anonymous
2023/1/27 15:33:55, Anonymous, Anonymous
2023/1/27 15:42:19, Anonymous, 6 of birds, 11 of gerbils, Anonymous
2023/1/27 15:42:22, Anonymous, 4 of gerbils, 9 of dogs, Anonymous
2023/1/27 15:42:23, Anonymous, 5 of gerbils, 15 of dogs, Anonymous
2023/1/27 15:42:25, Anonymous, 2 of birds, 15 of cats, Anonymous
2023/1/27 15:42:27, Anonymous, 9 of gerbils, 13 of birds, Anonymous
2023/1/27 15:42:29, Anonymous, 10 of cats, 7 of dogs, Anonymous
2023/1/27 15:42:31, Anonymous, 5 of cats, 2 of dogs, Anonymous
2023/1/27 15:42:32, Anonymous, 15 of gerbils, 13 of cats, Anonymous
2023/1/27 15:42:34, Anonymous, 1 of gerbils, 14 of dogs, Anonymous
2023/1/27 15:42:34, Anonymous, Anonymous
