2023/1/13 11:15:50, Abraham, 5
2023/1/13 11:15:54, Abraham, 2
2023/1/13 11:16:14, Steve, 2
2023/1/13 11:16:31, Abraham, 8 of cats, 7 of cats, Abraham
2023/1/13 11:16:38, Abraham, 6 of dogs, 14 of gerbils, Steve
2023/1/13 11:16:43, Abraham, 11 of birds, 8 of gerbils, Steve
2023/1/13 11:16:48, Abraham, 13 of cats, 2 of cats, Abraham
2023/1/13 11:22:11, Steve, 2
2023/1/13 11:22:16, Abe, 5
2023/1/13 11:22:33, Steve, i of yellow, g of green, Steve
2023/1/13 11:23:26, Abe, g of yellow, b of green, Steve
2023/1/13 11:23:29, Abe, c of orange, f of purple, Steve
2023/1/13 11:23:31, Abe, d of orange, f of orange, Steve
2023/1/13 11:23:34, Abe, i of orange, d of green, Steve
2023/1/13 11:23:34, Abe, Steve, Steve 5, Abe 0
2023/1/13 11:45:28, Steve, 2
2023/1/13 11:45:33, Abraham, 4
2023/1/13 12:02:05, a, 1
2023/1/13 12:02:06, g, 1
2023/1/13 12:02:14, g, g of green, a of blue, a
2023/1/13 12:02:18, g, c of yellow, j of green, a
2023/1/13 12:02:25, a, d of orange, j of yellow, a
2023/1/13 12:02:29, g, b of orange, c of green, a
2023/1/13 12:02:32, g, j of red, h of yellow, a
2023/1/13 12:02:36, g, j of purple, d of red, a
2023/1/13 14:37:47, g, 1
2023/1/13 14:37:50, a, 1
2023/1/13 15:03:58, a, 7 of diamonds, 6 of clubs, g
2023/1/13 15:04:05, g, 3 of hearts, 5 of clubs, g
2023/1/13 15:04:12, a, 8 of hearts, 8 of pearls, g
2023/1/13 15:04:19, a, 11 of spades, 1 of clubs, g
2023/1/13 15:04:24, a, 2 of hearts, 12 of pearls, g
2023/1/13 15:04:29, a, 5 of hearts, 6 of hearts, a
2023/1/13 15:04:34, g, 12 of hearts, 3 of spades, a
2023/1/13 20:42:51, a, 2
2023/1/13 20:42:53, g, 2
2023/1/13 20:43:04, g, 15 of birds, 14 of birds, a
2023/1/13 20:43:12, g, 3 of gerbils, 1 of dogs, g
2023/1/13 20:43:19, a, 14 of cats, 12 of gerbils, g
2023/1/13 20:52:24, g, 3
2023/1/13 20:52:26, a, 3
2023/1/13 20:52:40, a, 3 of diamonds, 1 of spades, g
2023/1/13 20:52:51, a, 9 of spades, 3 of spades, a
2023/1/13 21:01:43, a, a of yellow, a of blue, a
2023/1/13 21:09:09, g, 12 of pearls, 1 of clubs, a
2023/1/13 21:09:17, g, 3 of clubs, 12 of clubs, a
2023/1/13 21:09:29, g, 6 of hearts, 4 of hearts, g
2023/1/13 21:13:19, a, f of green, b of yellow, g
2023/1/13 21:13:24, a, a of green, b of orange, g
2023/1/13 21:13:30, a, j of green, b of blue, g
2023/1/13 21:13:37, a, d of purple, d of yellow, g
2023/1/13 21:13:40, a, g of orange, i of red, a
2023/1/13 21:16:22, a, 4 of busses, 4 of cars, g
2023/1/13 21:16:26, a, 10 of boats, 5 of boats, g
2023/1/13 21:16:31, a, 1 of busses, 2 of cars, g
2023/1/13 21:16:36, a, 6 of busses, 10 of balloons, g
2023/1/13 21:16:44, a, 6 of boats, 8 of busses, g
2023/1/13 21:16:51, a, 1 of balloons, 6 of cars, g
2023/1/13 21:16:55, a, 2 of trucks, 1 of planes, a
